2023-03-16 10:54:11.888 INFO from [interpreter.patterns.factory.Factory.<init>(Factory.java:23)] in [main] - Config file loaded with success
2023-03-16 10:54:11.890 INFO from [interpreter.App.main(App.java:37)] in [main] - Brainfuck instance created successfully
2023-03-16 10:54:11.890 INFO from [interpreter.App.main(App.java:38)] in [main] - Ready for reading and executing commands
2023-03-16 10:54:19.384 INFO from [interpreter.commands.base.CommandManager.debug(CommandManager.java:35)] in [main] - Command with code 43not found
2023-03-16 10:54:19.384 INFO from [interpreter.patterns.factory.Factory.createObject(Factory.java:32)] in [main] - Searching for cached class...
2023-03-16 10:54:19.384 INFO from [interpreter.patterns.factory.Factory.createObject(Factory.java:35)] in [main] - Cached class not found, trying to create new
2023-03-16 10:54:19.385 INFO from [interpreter.patterns.factory.Factory.createObject(Factory.java:42)] in [main] - Loaded class with key +
2023-03-16 10:54:19.385 INFO from [interpreter.patterns.factory.Factory.createObject(Factory.java:44)] in [main] - Class cached
2023-03-16 10:54:19.385 INFO from [interpreter.commands.base.CommandManager.debug(CommandManager.java:37)] in [main] - Command created successfully
2023-03-16 10:54:19.385 INFO from [interpreter.App.main(App.java:77)] in [main] - Debug successfully finished
2023-03-16 10:54:20.383 INFO from [interpreter.App.main(App.java:87)] in [main] - Code executed without errors
2023-03-16 10:54:28.385 INFO from [interpreter.commands.base.CommandManager.debug(CommandManager.java:35)] in [main] - Command with code 91not found
2023-03-16 10:54:28.385 INFO from [interpreter.patterns.factory.Factory.createObject(Factory.java:32)] in [main] - Searching for cached class...
2023-03-16 10:54:28.386 INFO from [interpreter.patterns.factory.Factory.createObject(Factory.java:35)] in [main] - Cached class not found, trying to create new
2023-03-16 10:54:28.386 INFO from [interpreter.patterns.factory.Factory.createObject(Factory.java:42)] in [main] - Loaded class with key [
2023-03-16 10:54:28.387 INFO from [interpreter.patterns.factory.Factory.createObject(Factory.java:44)] in [main] - Class cached
2023-03-16 10:54:28.387 INFO from [interpreter.commands.base.CommandManager.debug(CommandManager.java:37)] in [main] - Command created successfully
2023-03-16 10:54:28.387 INFO from [interpreter.commands.base.CommandManager.debug(CommandManager.java:35)] in [main] - Command with code 62not found
2023-03-16 10:54:28.388 INFO from [interpreter.patterns.factory.Factory.createObject(Factory.java:32)] in [main] - Searching for cached class...
2023-03-16 10:54:28.388 INFO from [interpreter.patterns.factory.Factory.createObject(Factory.java:35)] in [main] - Cached class not found, trying to create new
2023-03-16 10:54:28.388 INFO from [interpreter.patterns.factory.Factory.createObject(Factory.java:42)] in [main] - Loaded class with key >
2023-03-16 10:54:28.389 INFO from [interpreter.patterns.factory.Factory.createObject(Factory.java:44)] in [main] - Class cached
2023-03-16 10:54:28.389 INFO from [interpreter.commands.base.CommandManager.debug(CommandManager.java:37)] in [main] - Command created successfully
2023-03-16 10:54:28.389 INFO from [interpreter.commands.base.CommandManager.debug(CommandManager.java:35)] in [main] - Command with code 60not found
2023-03-16 10:54:28.389 INFO from [interpreter.patterns.factory.Factory.createObject(Factory.java:32)] in [main] - Searching for cached class...
2023-03-16 10:54:28.390 INFO from [interpreter.patterns.factory.Factory.createObject(Factory.java:35)] in [main] - Cached class not found, trying to create new
2023-03-16 10:54:28.390 INFO from [interpreter.patterns.factory.Factory.createObject(Factory.java:42)] in [main] - Loaded class with key <
2023-03-16 10:54:28.391 INFO from [interpreter.patterns.factory.Factory.createObject(Factory.java:44)] in [main] - Class cached
2023-03-16 10:54:28.391 INFO from [interpreter.commands.base.CommandManager.debug(CommandManager.java:37)] in [main] - Command created successfully
2023-03-16 10:54:28.391 INFO from [interpreter.commands.base.CommandManager.debug(CommandManager.java:35)] in [main] - Command with code 45not found
2023-03-16 10:54:28.391 INFO from [interpreter.patterns.factory.Factory.createObject(Factory.java:32)] in [main] - Searching for cached class...
2023-03-16 10:54:28.392 INFO from [interpreter.patterns.factory.Factory.createObject(Factory.java:35)] in [main] - Cached class not found, trying to create new
2023-03-16 10:54:28.392 INFO from [interpreter.patterns.factory.Factory.createObject(Factory.java:42)] in [main] - Loaded class with key -
2023-03-16 10:54:28.392 INFO from [interpreter.patterns.factory.Factory.createObject(Factory.java:44)] in [main] - Class cached
2023-03-16 10:54:28.393 INFO from [interpreter.commands.base.CommandManager.debug(CommandManager.java:37)] in [main] - Command created successfully
2023-03-16 10:54:28.393 INFO from [interpreter.App.main(App.java:77)] in [main] - Debug successfully finished
2023-03-16 10:54:29.385 INFO from [interpreter.App.main(App.java:87)] in [main] - Code executed without errors
2023-03-16 10:54:32.385 INFO from [interpreter.commands.base.CommandManager.debug(CommandManager.java:35)] in [main] - Command with code 46not found
2023-03-16 10:54:32.386 INFO from [interpreter.patterns.factory.Factory.createObject(Factory.java:32)] in [main] - Searching for cached class...
2023-03-16 10:54:32.386 INFO from [interpreter.patterns.factory.Factory.createObject(Factory.java:35)] in [main] - Cached class not found, trying to create new
2023-03-16 10:54:32.387 INFO from [interpreter.patterns.factory.Factory.createObject(Factory.java:42)] in [main] - Loaded class with key .
2023-03-16 10:54:32.388 INFO from [interpreter.patterns.factory.Factory.createObject(Factory.java:44)] in [main] - Class cached
2023-03-16 10:54:32.388 INFO from [interpreter.commands.base.CommandManager.debug(CommandManager.java:37)] in [main] - Command created successfully
2023-03-16 10:54:32.388 INFO from [interpreter.App.main(App.java:77)] in [main] - Debug successfully finished
2023-03-16 10:54:34.386 INFO from [interpreter.App.main(App.java:87)] in [main] - Code executed without errors
2023-03-16 10:54:38.387 INFO from [interpreter.App.main(App.java:56)] in [main] - Printed current ceil's value
2023-03-16 10:54:42.387 INFO from [interpreter.App.main(App.java:44)] in [main] - Got special keyword exit, exiting...
2023-03-16 10:54:42.388 INFO from [interpreter.App.main(App.java:99)] in [main] - Program finished with success
